<?xml version="1.0" encoding="UTF-8"?>
<!-- Generated by org.testng.reporters.JUnitReportReporter -->
<testsuite hostname="Balaji" failures="0" tests="2" name="com.staragile.runner.RunnerTest" time="27.264" errors="0" timestamp="2022-07-03T12:41:35 IST" skipped="0">
  <testcase classname="com.staragile.runner.RunnerTest" name="runScenario" time="14.626"/>
  <system-out/>
  <testcase classname="com.staragile.runner.RunnerTest" name="runScenario" time="12.638"/>
  <system-out/>
</testsuite> <!-- com.staragile.runner.RunnerTest -->
