<?xml version="1.0" encoding="UTF-8"?>
<!-- Generated by org.testng.reporters.JUnitReportReporter -->
<testsuite hostname="Balaji" failures="0" tests="2" name="com.staragile.test.PatientTest" time="0.003" errors="0" timestamp="2022-07-02T10:48:23 IST" skipped="0">
  <testcase classname="com.staragile.test.PatientTest" name="addPatientTest" time="0.002"/>
  <system-out/>
  <testcase classname="com.staragile.test.PatientTest" name="addPatientTest" time="0.001"/>
  <system-out/>
</testsuite> <!-- com.staragile.test.PatientTest -->
