<?xml version="1.0" encoding="UTF-8"?>
<!-- Generated by org.testng.reporters.JUnitReportReporter -->
<testsuite hostname="Balaji" failures="0" tests="2" name="com.staragile.test.LoginUITest" time="20.945" errors="0" timestamp="2022-07-02T11:19:35 IST" skipped="0">
  <testcase classname="com.staragile.test.LoginUITest" name="validateTitleTest" time="11.982"/>
  <system-out/>
  <testcase classname="com.staragile.test.LoginUITest" name="validateAppDescription" time="8.963"/>
  <system-out/>
</testsuite> <!-- com.staragile.test.LoginUITest -->
