<?xml version="1.0" encoding="UTF-8"?>
<!-- Generated by org.testng.reporters.JUnitReportReporter -->
<testsuite hostname="Balaji" failures="0" tests="1" name="com.staragile.test.LoginUserInterfaceTest" time="0.013" errors="0" timestamp="2022-06-18T13:02:46 IST" skipped="0">
  <testcase classname="com.staragile.test.LoginUserInterfaceTest" name="validateTitleTest" time="0.013"/>
  <system-out/>
</testsuite> <!-- com.staragile.test.LoginUserInterfaceTest -->
