<?xml version="1.0" encoding="UTF-8"?>
<!-- Generated by org.testng.reporters.JUnitReportReporter -->
<testsuite hostname="Balaji" failures="0" tests="5" name="com.staragile.test.LoginTest" time="48.633" errors="0" timestamp="2022-07-02T10:48:23 IST" skipped="0">
  <testcase classname="com.staragile.test.LoginTest" name="invalidCredentialTest" time="7.976"/>
  <system-out/>
  <testcase classname="com.staragile.test.LoginTest" name="validCredentialTest" time="10.764"/>
  <system-out/>
  <testcase classname="com.staragile.test.LoginTest" name="validCredentialTest" time="10.843"/>
  <system-out/>
  <testcase classname="com.staragile.test.LoginTest" name="validCredentialTest" time="11.086"/>
  <system-out/>
  <testcase classname="com.staragile.test.LoginTest" name="invalidCredentialTest" time="7.964"/>
  <system-out/>
</testsuite> <!-- com.staragile.test.LoginTest -->
