<?xml version="1.0" encoding="UTF-8"?>
<!-- Generated by org.testng.reporters.JUnitReportReporter -->
<testsuite hostname="Balaji" failures="0" tests="3" name="com.staragile.test.Demo1Test" time="0.026" errors="0" timestamp="2022-06-19T12:55:58 IST" skipped="0">
  <testcase classname="com.staragile.test.Demo1Test" name="validTest" time="0.004"/>
  <system-out/>
  <testcase classname="com.staragile.test.Demo1Test" name="validTest" time="0.017"/>
  <system-out/>
  <testcase classname="com.staragile.test.Demo1Test" name="validTest" time="0.005"/>
  <system-out/>
</testsuite> <!-- com.staragile.test.Demo1Test -->
